<?xml version="1.0" encoding="UTF-8"?>
<testsuite xmlns:xsi="http://www.w3.org/2001/XMLSchema-instance" xsi:noNamespaceSchemaLocation="https://maven.apache.org/surefire/maven-surefire-plugin/xsd/surefire-test-report.xsd" name="com.program.BolgSpringTest" time="5.1" tests="3" errors="0" skipped="0" failures="0">
  <properties>
[...]
</properties>
  <testcase name="test" classname="com.program.BolgSpringTest" time="2.078"/>
  <testcase name="test1" classname="com.program.BolgSpringTest" time="0.002"/>
  <testcase name="test2" classname="com.program.BolgSpringTest" time="0.384"/>
</testsuite>